  [1m[35m (0.4ms)[0m  [1m[35mSET NAMES utf8,  @@SESSION.sql_mode = CONCAT(CONCAT(@@sql_mode, ',STRICT_ALL_TABLES'), ',NO_AUTO_VALUE_ON_ZERO'),  @@SESSION.sql_auto_is_null = 0, @@SESSION.wait_timeout = 2147483[0m
  [1m[35m (635.4ms)[0m  [1m[35mCREATE TABLE `schema_migrations` (`version` varchar(255) NOT NULL PRIMARY KEY) ENGINE=InnoDB[0m
  [1m[35m (310.2ms)[0m  [1m[35mCREATE TABLE `ar_internal_metadata` (`key` varchar(255) NOT NULL PRIMARY KEY, `value` varchar(255), `created_at` datetime NOT NULL, `updated_at` datetime NOT NULL) ENGINE=InnoDB[0m
  [1m[35m (26.3ms)[0m  [1m[34mSELECT GET_LOCK(2555963635053996720, 0)[0m
  [1m[35m (0.3ms)[0m  [1m[34mSELECT `schema_migrations`.`version` FROM `schema_migrations` ORDER BY `schema_migrations`.`version` ASC[0m
  [1m[36mActiveRecord::InternalMetadata Load (0.4ms)[0m  [1m[34mSELECT  `ar_internal_metadata`.* FROM `ar_internal_metadata` WHERE `ar_internal_metadata`.`key` = 'environment' LIMIT 1[0m
  [1m[35m (0.2ms)[0m  [1m[35mBEGIN[0m
  [1m[35mSQL (0.7ms)[0m  [1m[32mINSERT INTO `ar_internal_metadata` (`key`, `value`, `created_at`, `updated_at`) VALUES ('environment', 'development', '2017-12-06 05:33:42', '2017-12-06 05:33:42')[0m
  [1m[35m (44.2ms)[0m  [1m[35mCOMMIT[0m
  [1m[35m (0.3ms)[0m  [1m[34mSELECT RELEASE_LOCK(2555963635053996720)[0m
  [1m[35m (0.3ms)[0m  [1m[34mSELECT `schema_migrations`.`version` FROM `schema_migrations` ORDER BY `schema_migrations`.`version` ASC[0m
Started GET "/" for 127.0.0.1 at 2017-12-06 11:08:11 +0530
Processing by Rails::WelcomeController#index as HTML
  Rendering /home/osm/.rvm/gems/ruby-2.4.0/gems/railties-5.1.4/lib/rails/templates/rails/welcome/index.html.erb
  Rendered /home/osm/.rvm/gems/ruby-2.4.0/gems/railties-5.1.4/lib/rails/templates/rails/welcome/index.html.erb (13.4ms)
Completed 200 OK in 200ms (Views: 32.5ms)


Started GET "/" for 127.0.0.1 at 2017-12-06 11:18:55 +0530
Processing by PageController#index as HTML
  Rendering page/index.html.erb within layouts/application
  Rendered page/index.html.erb within layouts/application (1.2ms)
Completed 200 OK in 1449ms (Views: 1317.2ms)


Started GET "/" for 127.0.0.1 at 2017-12-07 10:09:56 +0530
Processing by PageController#index as HTML
  Rendering page/index.html.erb within layouts/application
  Rendered page/index.html.erb within layouts/application (1.1ms)
Completed 200 OK in 7858ms (Views: 7266.9ms)


Started GET "/" for 127.0.0.1 at 2017-12-07 10:26:40 +0530
Processing by PageController#index as HTML
  Rendering page/index.html.erb within layouts/application
  Rendered page/index.html.erb within layouts/application (9.0ms)
Completed 200 OK in 630ms (Views: 590.1ms)


Started GET "/" for 127.0.0.1 at 2017-12-07 10:32:01 +0530
Processing by PageController#index as HTML
  Rendering page/index.html.erb within layouts/application
  Rendered page/index.html.erb within layouts/application (0.5ms)
Completed 500 Internal Server Error in 215ms


  
ActionView::Template::Error (Missing partial page/_header, application/_header with {:locale=>[:en], :formats=>[:html], :variants=>[], :handlers=>[:raw, :erb, :html, :builder, :ruby, :coffee, :jbuilder]}. Searched in:
  * "/var/www/html/blockchain/etherum_rb/app/views"
  * "/home/osm/.rvm/gems/ruby-2.4.0/gems/foundation-rails-5.4.5.0/app/views"
):
    12:   </head>
    13: 
    14:   <body>
    15:     <%=  render'header'%>
    16:     <%= yield %>
    17:     <%= javascript_include_tag "application" %>
    18:   </body>
  
app/views/layouts/application.html.erb:15:in `_app_views_layouts_application_html_erb___688020719862568672_70284243961420'
Started GET "/" for 127.0.0.1 at 2017-12-07 10:32:27 +0530
Processing by PageController#index as HTML
  Rendering page/index.html.erb within layouts/application
  Rendered page/index.html.erb within layouts/application (0.5ms)
Completed 500 Internal Server Error in 26ms


  
ActionView::Template::Error (Missing partial layout/_header with {:locale=>[:en], :formats=>[:html], :variants=>[], :handlers=>[:raw, :erb, :html, :builder, :ruby, :coffee, :jbuilder]}. Searched in:
  * "/var/www/html/blockchain/etherum_rb/app/views"
  * "/home/osm/.rvm/gems/ruby-2.4.0/gems/foundation-rails-5.4.5.0/app/views"
):
    12:   </head>
    13: 
    14:   <body>
    15:     <%=  render'layout/header'%>
    16:     <%= yield %>
    17:     <%= javascript_include_tag "application" %>
    18:   </body>
  
app/views/layouts/application.html.erb:15:in `_app_views_layouts_application_html_erb___688020719862568672_70283922939620'
Started GET "/" for 127.0.0.1 at 2017-12-07 10:33:19 +0530
Processing by PageController#index as HTML
  Rendering page/index.html.erb within layouts/application
  Rendered page/index.html.erb within layouts/application (0.4ms)
  Rendered layouts/_header.html.erb (0.4ms)
Completed 200 OK in 109ms (Views: 107.8ms)


Started GET "/" for 127.0.0.1 at 2017-12-07 10:33:21 +0530
Processing by PageController#index as HTML
  Rendering page/index.html.erb within layouts/application
  Rendered page/index.html.erb within layouts/application (0.7ms)
  Rendered layouts/_header.html.erb (0.5ms)
Completed 200 OK in 113ms (Views: 111.5ms)


Started GET "/" for 127.0.0.1 at 2017-12-07 10:35:28 +0530
Started GET "/" for 127.0.0.1 at 2017-12-07 10:35:28 +0530
Processing by PageController#index as HTML
Processing by PageController#index as HTML
  Rendering page/index.html.erb within layouts/application
  Rendering page/index.html.erb within layouts/application
  Rendered page/index.html.erb within layouts/application (1.0ms)
  Rendered page/index.html.erb within layouts/application (0.5ms)
Completed 500 Internal Server Error in 1560ms


Completed 500 Internal Server Error in 1548ms


  
ActionView::Template::Error (File to import not found or unreadable: foundation/functions.
Load paths:
  /home/osm/.rvm/gems/ruby-2.4.0/gems/babel-source-5.8.35/lib
  /var/www/html/blockchain/etherum_rb/app/assets/config
  /var/www/html/blockchain/etherum_rb/app/assets/images
  /var/www/html/blockchain/etherum_rb/app/assets/javascripts
  /var/www/html/blockchain/etherum_rb/app/assets/stylesheets
  /home/osm/.rvm/gems/ruby-2.4.0/gems/foundation-rails-6.4.1.3/vendor/assets/_vendor
  /home/osm/.rvm/gems/ruby-2.4.0/gems/foundation-rails-6.4.1.3/vendor/assets/js
  /home/osm/.rvm/gems/ruby-2.4.0/gems/foundation-rails-6.4.1.3/vendor/assets/scss
  /home/osm/.rvm/gems/ruby-2.4.0/gems/coffee-rails-4.2.2/lib/assets/javascripts
  /home/osm/.rvm/gems/ruby-2.4.0/gems/actioncable-5.1.4/lib/assets/compiled
  /home/osm/.rvm/gems/ruby-2.4.0/gems/actionview-5.1.4/lib/assets/compiled
  /home/osm/.rvm/gems/ruby-2.4.0/gems/turbolinks-source-5.0.3/lib/assets/javascripts
  /var/www/html/blockchain/etherum_rb/node_modules):
  
     6: 
     7:     <title><%= content_for?(:title) ? yield(:title) : "foundation-rails" %></title>
     8: 
     9:     <%= stylesheet_link_tag    "application" %>
    10:     <%= javascript_include_tag "vendor/modernizr" %>
    11:     <%= csrf_meta_tags %>
    12:   </head>
ActionView::Template::Error (File to import not found or unreadable: foundation/functions.
Load paths:
  /home/osm/.rvm/gems/ruby-2.4.0/gems/babel-source-5.8.35/lib
  /var/www/html/blockchain/etherum_rb/app/assets/config
  /var/www/html/blockchain/etherum_rb/app/assets/images
  /var/www/html/blockchain/etherum_rb/app/assets/javascripts
  /var/www/html/blockchain/etherum_rb/app/assets/stylesheets
  /home/osm/.rvm/gems/ruby-2.4.0/gems/foundation-rails-6.4.1.3/vendor/assets/_vendor
  /home/osm/.rvm/gems/ruby-2.4.0/gems/foundation-rails-6.4.1.3/vendor/assets/js
  /home/osm/.rvm/gems/ruby-2.4.0/gems/foundation-rails-6.4.1.3/vendor/assets/scss
  /home/osm/.rvm/gems/ruby-2.4.0/gems/coffee-rails-4.2.2/lib/assets/javascripts
  /home/osm/.rvm/gems/ruby-2.4.0/gems/actioncable-5.1.4/lib/assets/compiled
  /home/osm/.rvm/gems/ruby-2.4.0/gems/actionview-5.1.4/lib/assets/compiled
  /home/osm/.rvm/gems/ruby-2.4.0/gems/turbolinks-source-5.0.3/lib/assets/javascripts
  /var/www/html/blockchain/etherum_rb/node_modules):
  
     6: 
     7:     <title><%= content_for?(:title) ? yield(:title) : "foundation-rails" %></title>
     8: 
     9:     <%= stylesheet_link_tag    "application" %>
    10:     <%= javascript_include_tag "vendor/modernizr" %>
    11:     <%= csrf_meta_tags %>
    12:   </head>
app/assets/stylesheets/foundation_and_overrides.scss:58
app/views/layouts/application.html.erb:9:in `_app_views_layouts_application_html_erb___2454155033627838557_69969783019120'
  
app/assets/stylesheets/foundation_and_overrides.scss:58
app/views/layouts/application.html.erb:9:in `_app_views_layouts_application_html_erb___2454155033627838557_69969783019120'
Started GET "/" for 127.0.0.1 at 2017-12-07 10:37:56 +0530
Processing by PageController#index as HTML
  Rendering page/index.html.erb within layouts/application
  Rendered page/index.html.erb within layouts/application (0.5ms)
Completed 500 Internal Server Error in 155ms


  
ActionView::Template::Error (File to import not found or unreadable: functions.
Load paths:
  /home/osm/.rvm/gems/ruby-2.4.0/gems/babel-source-5.8.35/lib
  /var/www/html/blockchain/etherum_rb/app/assets/config
  /var/www/html/blockchain/etherum_rb/app/assets/images
  /var/www/html/blockchain/etherum_rb/app/assets/javascripts
  /var/www/html/blockchain/etherum_rb/app/assets/stylesheets
  /home/osm/.rvm/gems/ruby-2.4.0/gems/foundation-rails-6.4.1.3/vendor/assets/_vendor
  /home/osm/.rvm/gems/ruby-2.4.0/gems/foundation-rails-6.4.1.3/vendor/assets/js
  /home/osm/.rvm/gems/ruby-2.4.0/gems/foundation-rails-6.4.1.3/vendor/assets/scss
  /home/osm/.rvm/gems/ruby-2.4.0/gems/coffee-rails-4.2.2/lib/assets/javascripts
  /home/osm/.rvm/gems/ruby-2.4.0/gems/actioncable-5.1.4/lib/assets/compiled
  /home/osm/.rvm/gems/ruby-2.4.0/gems/actionview-5.1.4/lib/assets/compiled
  /home/osm/.rvm/gems/ruby-2.4.0/gems/turbolinks-source-5.0.3/lib/assets/javascripts
  /var/www/html/blockchain/etherum_rb/node_modules):
     6: 
     7:     <title><%= content_for?(:title) ? yield(:title) : "foundation-rails" %></title>
     8: 
     9:     <%= stylesheet_link_tag    "application" %>
    10:     <%= javascript_include_tag "vendor/modernizr" %>
    11:     <%= csrf_meta_tags %>
    12:   </head>
  
app/assets/stylesheets/foundation_and_overrides.scss:58
app/views/layouts/application.html.erb:9:in `_app_views_layouts_application_html_erb___2454155033627838557_69969639132520'
Started GET "/" for 127.0.0.1 at 2017-12-07 10:38:12 +0530
Processing by PageController#index as HTML
  Rendering page/index.html.erb within layouts/application
  Rendered page/index.html.erb within layouts/application (0.5ms)
Completed 500 Internal Server Error in 4919ms


  
ActionView::Template::Error (The asset "vendor/modernizr.js" is not present in the asset pipeline.):
     7:     <title><%= content_for?(:title) ? yield(:title) : "foundation-rails" %></title>
     8: 
     9:     <%= stylesheet_link_tag    "application" %>
    10:     <%= javascript_include_tag "vendor/modernizr" %>
    11:     <%= csrf_meta_tags %>
    12:   </head>
    13: 
  
app/views/layouts/application.html.erb:10:in `_app_views_layouts_application_html_erb___2454155033627838557_69969639237500'
Started GET "/" for 127.0.0.1 at 2017-12-07 10:39:26 +0530
Processing by PageController#index as HTML
  Rendering page/index.html.erb within layouts/application
  Rendered page/index.html.erb within layouts/application (0.7ms)
Completed 500 Internal Server Error in 382ms


  
ActionView::Template::Error (The asset "vendor/modernizr.js" is not present in the asset pipeline.):
     7:     <title><%= content_for?(:title) ? yield(:title) : "foundation-rails" %></title>
     8: 
     9:     <%= stylesheet_link_tag    "application" %>
    10:     <%= javascript_include_tag "vendor/modernizr" %>
    11:     <%= csrf_meta_tags %>
    12:   </head>
    13: 
  
app/views/layouts/application.html.erb:10:in `_app_views_layouts_application_html_erb___1540318549590016102_17025200'
Started GET "/" for 127.0.0.1 at 2017-12-07 10:39:49 +0530
Processing by PageController#index as HTML
  Rendering page/index.html.erb within layouts/application
  Rendered page/index.html.erb within layouts/application (0.6ms)
Completed 500 Internal Server Error in 495ms


  
ActionView::Template::Error (File to import not found or unreadable: functions.
Load paths:
  /home/osm/.rvm/gems/ruby-2.4.0/gems/babel-source-5.8.35/lib
  /var/www/html/blockchain/etherum_rb/app/assets/config
  /var/www/html/blockchain/etherum_rb/app/assets/images
  /var/www/html/blockchain/etherum_rb/app/assets/javascripts
  /var/www/html/blockchain/etherum_rb/app/assets/stylesheets
  /home/osm/.rvm/gems/ruby-2.4.0/gems/foundation-rails-6.4.1.3/vendor/assets/_vendor
  /home/osm/.rvm/gems/ruby-2.4.0/gems/foundation-rails-6.4.1.3/vendor/assets/js
  /home/osm/.rvm/gems/ruby-2.4.0/gems/foundation-rails-6.4.1.3/vendor/assets/scss
  /home/osm/.rvm/gems/ruby-2.4.0/gems/coffee-rails-4.2.2/lib/assets/javascripts
  /home/osm/.rvm/gems/ruby-2.4.0/gems/actioncable-5.1.4/lib/assets/compiled
  /home/osm/.rvm/gems/ruby-2.4.0/gems/actionview-5.1.4/lib/assets/compiled
  /home/osm/.rvm/gems/ruby-2.4.0/gems/turbolinks-source-5.0.3/lib/assets/javascripts
  /var/www/html/blockchain/etherum_rb/node_modules):
     6: 
     7:     <title><%= content_for?(:title) ? yield(:title) : "foundation-rails" %></title>
     8: 
     9:     <%= stylesheet_link_tag    "application" %>
    10:     <%= javascript_include_tag "vendor/modernizr" %>
    11:     <%= csrf_meta_tags %>
    12:   </head>
  
app/assets/stylesheets/foundation_and_overrides.scss:58
app/views/layouts/application.html.erb:9:in `_app_views_layouts_application_html_erb___1756467709582374984_69971362144900'
Started GET "/" for 127.0.0.1 at 2017-12-07 10:40:21 +0530
Processing by PageController#index as HTML
  Rendering page/index.html.erb within layouts/application
  Rendered page/index.html.erb within layouts/application (0.6ms)
Completed 500 Internal Server Error in 486ms


  
ActionView::Template::Error (The asset "vendor/modernizr.js" is not present in the asset pipeline.):
     7:     <title><%= content_for?(:title) ? yield(:title) : "foundation-rails" %></title>
     8: 
     9:     <%= stylesheet_link_tag    "application" %>
    10:     <%= javascript_include_tag "vendor/modernizr" %>
    11:     <%= csrf_meta_tags %>
    12:   </head>
    13: 
  
app/views/layouts/application.html.erb:10:in `_app_views_layouts_application_html_erb__1416431677974214671_70090815998040'
Started GET "/" for 127.0.0.1 at 2017-12-07 10:42:38 +0530
Processing by PageController#index as HTML
  Rendering page/index.html.erb within layouts/application
  Rendered page/index.html.erb within layouts/application (0.4ms)
Completed 500 Internal Server Error in 109ms


  
ActionView::Template::Error (The asset "vendor/modernizr.js" is not present in the asset pipeline.):
     7:     <title><%= content_for?(:title) ? yield(:title) : "foundation-rails" %></title>
     8: 
     9:     <%= stylesheet_link_tag    "application" %>
    10:     <%= javascript_include_tag "vendor/modernizr" %>
    11:     <%= csrf_meta_tags %>
    12:   </head>
    13: 
  
app/views/layouts/application.html.erb:10:in `_app_views_layouts_application_html_erb__1416431677974214671_70090745780500'
Started GET "/" for 127.0.0.1 at 2017-12-07 10:42:40 +0530
Processing by PageController#index as HTML
  Rendering page/index.html.erb within layouts/application
  Rendered page/index.html.erb within layouts/application (0.5ms)
Completed 500 Internal Server Error in 43ms


  
ActionView::Template::Error (The asset "vendor/modernizr.js" is not present in the asset pipeline.):
     7:     <title><%= content_for?(:title) ? yield(:title) : "foundation-rails" %></title>
     8: 
     9:     <%= stylesheet_link_tag    "application" %>
    10:     <%= javascript_include_tag "vendor/modernizr" %>
    11:     <%= csrf_meta_tags %>
    12:   </head>
    13: 
  
app/views/layouts/application.html.erb:10:in `_app_views_layouts_application_html_erb__1416431677974214671_70090645106220'
Started GET "/" for 127.0.0.1 at 2017-12-07 10:42:40 +0530
Processing by PageController#index as HTML
  Rendering page/index.html.erb within layouts/application
  Rendered page/index.html.erb within layouts/application (0.3ms)
Completed 500 Internal Server Error in 18ms


  
ActionView::Template::Error (The asset "vendor/modernizr.js" is not present in the asset pipeline.):
     7:     <title><%= content_for?(:title) ? yield(:title) : "foundation-rails" %></title>
     8: 
     9:     <%= stylesheet_link_tag    "application" %>
    10:     <%= javascript_include_tag "vendor/modernizr" %>
    11:     <%= csrf_meta_tags %>
    12:   </head>
    13: 
  
app/views/layouts/application.html.erb:10:in `_app_views_layouts_application_html_erb__1416431677974214671_70090747225460'
Started GET "/" for 127.0.0.1 at 2017-12-07 10:42:54 +0530
Processing by PageController#index as HTML
  Rendering page/index.html.erb within layouts/application
  Rendered page/index.html.erb within layouts/application (0.4ms)
  Rendered layouts/_header.html.erb (0.4ms)
Completed 500 Internal Server Error in 66ms


  
ActionView::Template::Error (couldn't find file 'modernizr' with type 'application/javascript'
Checked in these paths: 
  /home/osm/.rvm/gems/ruby-2.4.0/gems/babel-source-5.8.35/lib
  /var/www/html/blockchain/etherum_rb/app/assets/config
  /var/www/html/blockchain/etherum_rb/app/assets/images
  /var/www/html/blockchain/etherum_rb/app/assets/javascripts
  /var/www/html/blockchain/etherum_rb/app/assets/stylesheets
  /home/osm/.rvm/gems/ruby-2.4.0/gems/foundation-rails-6.4.1.3/vendor/assets/_vendor
  /home/osm/.rvm/gems/ruby-2.4.0/gems/foundation-rails-6.4.1.3/vendor/assets/js
  /home/osm/.rvm/gems/ruby-2.4.0/gems/foundation-rails-6.4.1.3/vendor/assets/scss
  /home/osm/.rvm/gems/ruby-2.4.0/gems/coffee-rails-4.2.2/lib/assets/javascripts
  /home/osm/.rvm/gems/ruby-2.4.0/gems/actioncable-5.1.4/lib/assets/compiled
  /home/osm/.rvm/gems/ruby-2.4.0/gems/actionview-5.1.4/lib/assets/compiled
  /home/osm/.rvm/gems/ruby-2.4.0/gems/turbolinks-source-5.0.3/lib/assets/javascripts
  /var/www/html/blockchain/etherum_rb/node_modules):
    14:   <body>
    15:     <%=  render'layouts/header'%>
    16:     <%= yield %>
    17:     <%= javascript_include_tag "application" %>
    18:   </body>
    19: </html>
  
app/assets/javascripts/application.js:16
app/views/layouts/application.html.erb:17:in `_app_views_layouts_application_html_erb__1416431677974214671_70090833254420'
Started GET "/" for 127.0.0.1 at 2017-12-07 10:46:06 +0530
Processing by PageController#index as HTML
  Rendering page/index.html.erb within layouts/application
  Rendered page/index.html.erb within layouts/application (6.0ms)
Completed 200 OK in 7365ms (Views: 7145.8ms)


Started GET "/" for 127.0.0.1 at 2017-12-07 10:46:37 +0530
Processing by PageController#index as HTML
  Rendering page/index.html.erb within layouts/application
  Rendered page/index.html.erb within layouts/application (0.6ms)
  Rendered layouts/_header.html.erb (0.3ms)
Completed 200 OK in 142ms (Views: 115.5ms)


Started GET "/" for 127.0.0.1 at 2017-12-07 10:57:38 +0530
Processing by PageController#index as HTML
  Rendering page/index.html.erb within layouts/application
  Rendered page/index.html.erb within layouts/application (0.9ms)
  Rendered layouts/_header.html.erb (0.4ms)
Completed 200 OK in 1593ms (Views: 1275.5ms)


Started GET "/" for 127.0.0.1 at 2017-12-07 10:57:42 +0530
Processing by PageController#index as HTML
  Rendering page/index.html.erb within layouts/application
  Rendered page/index.html.erb within layouts/application (0.5ms)
  Rendered layouts/_header.html.erb (0.3ms)
Completed 200 OK in 109ms (Views: 106.1ms)


Started GET "/" for 127.0.0.1 at 2017-12-07 10:57:43 +0530
Processing by PageController#index as HTML
  Rendering page/index.html.erb within layouts/application
  Rendered page/index.html.erb within layouts/application (0.3ms)
  Rendered layouts/_header.html.erb (0.3ms)
Completed 200 OK in 98ms (Views: 96.9ms)


Started GET "/" for 127.0.0.1 at 2017-12-07 10:57:43 +0530
Processing by PageController#index as HTML
  Rendering page/index.html.erb within layouts/application
  Rendered page/index.html.erb within layouts/application (0.5ms)
  Rendered layouts/_header.html.erb (0.3ms)
Completed 200 OK in 77ms (Views: 75.7ms)


Started GET "/" for 127.0.0.1 at 2017-12-07 10:57:43 +0530
Processing by PageController#index as HTML
  Rendering page/index.html.erb within layouts/application
  Rendered page/index.html.erb within layouts/application (0.3ms)
  Rendered layouts/_header.html.erb (0.3ms)
Completed 200 OK in 106ms (Views: 105.3ms)


Started GET "/" for 127.0.0.1 at 2017-12-07 10:57:43 +0530
Processing by PageController#index as HTML
  Rendering page/index.html.erb within layouts/application
  Rendered page/index.html.erb within layouts/application (0.3ms)
  Rendered layouts/_header.html.erb (0.4ms)
Completed 200 OK in 83ms (Views: 82.1ms)


Started GET "/" for 127.0.0.1 at 2017-12-07 10:57:44 +0530
Processing by PageController#index as HTML
  Rendering page/index.html.erb within layouts/application
  Rendered page/index.html.erb within layouts/application (1.6ms)
  Rendered layouts/_header.html.erb (1.1ms)
Completed 200 OK in 96ms (Views: 95.2ms)


Started GET "/" for 127.0.0.1 at 2017-12-07 10:59:25 +0530
Processing by PageController#index as HTML
  Rendering page/index.html.erb within layouts/application
  Rendered page/index.html.erb within layouts/application (0.6ms)
  Rendered layouts/_header.html.erb (0.4ms)
Completed 200 OK in 245ms (Views: 244.0ms)


Started GET "/" for 127.0.0.1 at 2017-12-07 11:14:22 +0530
Processing by PageController#index as HTML
  Rendering page/index.html.erb within layouts/application
  Rendered page/index.html.erb within layouts/application (1.3ms)
  Rendered layouts/_header.html.erb (0.5ms)
Completed 200 OK in 8211ms (Views: 7794.7ms)


Started GET "/" for 127.0.0.1 at 2017-12-07 11:14:50 +0530
Processing by PageController#index as HTML
  Rendering page/index.html.erb within layouts/application
  Rendered page/index.html.erb within layouts/application (0.4ms)
  Rendered layouts/_header.html.erb (0.5ms)
Completed 200 OK in 4947ms (Views: 4946.1ms)


Started GET "/" for 127.0.0.1 at 2017-12-07 11:16:33 +0530
Processing by PageController#index as HTML
  Rendering page/index.html.erb within layouts/application
  Rendered page/index.html.erb within layouts/application (0.4ms)
  Rendered layouts/_header.html.erb (0.3ms)
Completed 200 OK in 111ms (Views: 110.2ms)


Started GET "/" for 127.0.0.1 at 2017-12-07 11:16:50 +0530
Processing by PageController#index as HTML
  Rendering page/index.html.erb within layouts/application
  Rendered page/index.html.erb within layouts/application (0.8ms)
  Rendered layouts/_header.html.erb (0.3ms)
Completed 200 OK in 573ms (Views: 400.0ms)


Started GET "/" for 127.0.0.1 at 2017-12-07 11:18:11 +0530
Processing by PageController#index as HTML
  Rendering page/index.html.erb within layouts/application
  Rendered page/index.html.erb within layouts/application (0.5ms)
  Rendered layouts/_header.html.erb (0.3ms)
Completed 200 OK in 109ms (Views: 108.0ms)


Started GET "/" for 127.0.0.1 at 2017-12-07 11:18:15 +0530
Processing by PageController#index as HTML
  Rendering page/index.html.erb within layouts/application
  Rendered page/index.html.erb within layouts/application (0.4ms)
  Rendered layouts/_header.html.erb (0.4ms)
Completed 200 OK in 108ms (Views: 106.5ms)


Started GET "/" for 127.0.0.1 at 2017-12-07 11:18:23 +0530
Processing by PageController#index as HTML
  Rendering page/index.html.erb within layouts/application
  Rendered page/index.html.erb within layouts/application (0.6ms)
  Rendered layouts/_header.html.erb (0.4ms)
Completed 200 OK in 42ms (Views: 41.1ms)


Started GET "/" for 127.0.0.1 at 2017-12-07 11:18:24 +0530
Processing by PageController#index as HTML
  Rendering page/index.html.erb within layouts/application
  Rendered page/index.html.erb within layouts/application (0.3ms)
  Rendered layouts/_header.html.erb (0.3ms)
Completed 200 OK in 19ms (Views: 18.6ms)


Started GET "/" for 127.0.0.1 at 2017-12-07 11:18:25 +0530
Processing by PageController#index as HTML
  Rendering page/index.html.erb within layouts/application
  Rendered page/index.html.erb within layouts/application (0.4ms)
  Rendered layouts/_header.html.erb (0.4ms)
Completed 200 OK in 28ms (Views: 26.7ms)


Started GET "/" for 127.0.0.1 at 2017-12-07 11:18:26 +0530
Processing by PageController#index as HTML
  Rendering page/index.html.erb within layouts/application
  Rendered page/index.html.erb within layouts/application (0.3ms)
  Rendered layouts/_header.html.erb (0.3ms)
Completed 200 OK in 24ms (Views: 23.0ms)


Started GET "/" for 127.0.0.1 at 2017-12-07 11:18:26 +0530
Processing by PageController#index as HTML
  Rendering page/index.html.erb within layouts/application
  Rendered page/index.html.erb within layouts/application (0.3ms)
  Rendered layouts/_header.html.erb (0.3ms)
Completed 200 OK in 44ms (Views: 42.9ms)


Started GET "/" for 127.0.0.1 at 2017-12-07 11:18:26 +0530
Processing by PageController#index as HTML
  Rendering page/index.html.erb within layouts/application
  Rendered page/index.html.erb within layouts/application (0.4ms)
  Rendered layouts/_header.html.erb (0.4ms)
Completed 200 OK in 65ms (Views: 62.7ms)


Started GET "/" for 127.0.0.1 at 2017-12-07 11:18:27 +0530
Processing by PageController#index as HTML
  Rendering page/index.html.erb within layouts/application
  Rendered page/index.html.erb within layouts/application (0.4ms)
  Rendered layouts/_header.html.erb (0.4ms)
Completed 200 OK in 34ms (Views: 32.6ms)


Started GET "/" for 127.0.0.1 at 2017-12-07 11:18:27 +0530
Processing by PageController#index as HTML
  Rendering page/index.html.erb within layouts/application
  Rendered page/index.html.erb within layouts/application (1.8ms)
  Rendered layouts/_header.html.erb (0.4ms)
Completed 200 OK in 39ms (Views: 38.1ms)


Started GET "/" for 127.0.0.1 at 2017-12-07 11:18:27 +0530
Processing by PageController#index as HTML
  Rendering page/index.html.erb within layouts/application
  Rendered page/index.html.erb within layouts/application (0.4ms)
  Rendered layouts/_header.html.erb (0.3ms)
Completed 200 OK in 35ms (Views: 33.5ms)


Started GET "/" for 127.0.0.1 at 2017-12-07 11:18:28 +0530
Processing by PageController#index as HTML
  Rendering page/index.html.erb within layouts/application
  Rendered page/index.html.erb within layouts/application (0.3ms)
  Rendered layouts/_header.html.erb (0.4ms)
Completed 200 OK in 30ms (Views: 24.5ms)


Started GET "/" for 127.0.0.1 at 2017-12-07 11:18:28 +0530
Processing by PageController#index as HTML
  Rendering page/index.html.erb within layouts/application
  Rendered page/index.html.erb within layouts/application (0.4ms)
  Rendered layouts/_header.html.erb (0.4ms)
Completed 200 OK in 31ms (Views: 29.4ms)


Started GET "/" for 127.0.0.1 at 2017-12-07 11:19:05 +0530
Processing by PageController#index as HTML
  Rendering page/index.html.erb within layouts/application
  Rendered page/index.html.erb within layouts/application (0.3ms)
  Rendered layouts/_header.html.erb (0.4ms)
Completed 200 OK in 111ms (Views: 110.1ms)


Started GET "/" for 127.0.0.1 at 2017-12-07 11:19:14 +0530
Processing by PageController#index as HTML
  Rendering page/index.html.erb within layouts/application
  Rendered page/index.html.erb within layouts/application (6.8ms)
  Rendered layouts/_header.html.erb (0.4ms)
Completed 200 OK in 127ms (Views: 125.6ms)


Started GET "/" for 127.0.0.1 at 2017-12-07 11:21:28 +0530
Processing by PageController#index as HTML
  Rendering page/index.html.erb within layouts/application
  Rendered page/index.html.erb within layouts/application (2.5ms)
  Rendered layouts/_header.html.erb (0.4ms)
Completed 500 Internal Server Error in 77ms


  
ActionView::Template::Error (couldn't find file 'jquery' with type 'application/javascript'
Checked in these paths: 
  /home/osm/.rvm/gems/ruby-2.4.0/gems/babel-source-5.8.35/lib
  /var/www/html/blockchain/etherum_rb/app/assets/config
  /var/www/html/blockchain/etherum_rb/app/assets/images
  /var/www/html/blockchain/etherum_rb/app/assets/javascripts
  /var/www/html/blockchain/etherum_rb/app/assets/stylesheets
  /home/osm/.rvm/gems/ruby-2.4.0/gems/foundation-rails-6.4.1.3/vendor/assets/_vendor
  /home/osm/.rvm/gems/ruby-2.4.0/gems/foundation-rails-6.4.1.3/vendor/assets/js
  /home/osm/.rvm/gems/ruby-2.4.0/gems/foundation-rails-6.4.1.3/vendor/assets/scss
  /home/osm/.rvm/gems/ruby-2.4.0/gems/coffee-rails-4.2.2/lib/assets/javascripts
  /home/osm/.rvm/gems/ruby-2.4.0/gems/actioncable-5.1.4/lib/assets/compiled
  /home/osm/.rvm/gems/ruby-2.4.0/gems/actionview-5.1.4/lib/assets/compiled
  /home/osm/.rvm/gems/ruby-2.4.0/gems/turbolinks-source-5.0.3/lib/assets/javascripts
  /var/www/html/blockchain/etherum_rb/node_modules):
    14:   <body>
    15:     <%= render"layouts/header"%>
    16:     <%= yield %>
    17:   <%= javascript_include_tag "application"%>
    18:   </body>
    19: </html>
  
app/assets/javascripts/application.js:13
app/views/layouts/application.html.erb:17:in `_app_views_layouts_application_html_erb__177519667040856888_70303933961760'
Started GET "/" for 127.0.0.1 at 2017-12-07 11:21:29 +0530
Processing by PageController#index as HTML
  Rendering page/index.html.erb within layouts/application
  Rendered page/index.html.erb within layouts/application (0.5ms)
  Rendered layouts/_header.html.erb (0.4ms)
Completed 500 Internal Server Error in 34ms


  
ActionView::Template::Error (couldn't find file 'jquery' with type 'application/javascript'
Checked in these paths: 
  /home/osm/.rvm/gems/ruby-2.4.0/gems/babel-source-5.8.35/lib
  /var/www/html/blockchain/etherum_rb/app/assets/config
  /var/www/html/blockchain/etherum_rb/app/assets/images
  /var/www/html/blockchain/etherum_rb/app/assets/javascripts
  /var/www/html/blockchain/etherum_rb/app/assets/stylesheets
  /home/osm/.rvm/gems/ruby-2.4.0/gems/foundation-rails-6.4.1.3/vendor/assets/_vendor
  /home/osm/.rvm/gems/ruby-2.4.0/gems/foundation-rails-6.4.1.3/vendor/assets/js
  /home/osm/.rvm/gems/ruby-2.4.0/gems/foundation-rails-6.4.1.3/vendor/assets/scss
  /home/osm/.rvm/gems/ruby-2.4.0/gems/coffee-rails-4.2.2/lib/assets/javascripts
  /home/osm/.rvm/gems/ruby-2.4.0/gems/actioncable-5.1.4/lib/assets/compiled
  /home/osm/.rvm/gems/ruby-2.4.0/gems/actionview-5.1.4/lib/assets/compiled
  /home/osm/.rvm/gems/ruby-2.4.0/gems/turbolinks-source-5.0.3/lib/assets/javascripts
  /var/www/html/blockchain/etherum_rb/node_modules):
    14:   <body>
    15:     <%= render"layouts/header"%>
    16:     <%= yield %>
    17:   <%= javascript_include_tag "application"%>
    18:   </body>
    19: </html>
  
app/assets/javascripts/application.js:13
app/views/layouts/application.html.erb:17:in `_app_views_layouts_application_html_erb__177519667040856888_70303784021500'
Started GET "/" for 127.0.0.1 at 2017-12-07 11:21:30 +0530
Processing by PageController#index as HTML
  Rendering page/index.html.erb within layouts/application
  Rendered page/index.html.erb within layouts/application (0.4ms)
  Rendered layouts/_header.html.erb (0.4ms)
Completed 500 Internal Server Error in 31ms


  
ActionView::Template::Error (couldn't find file 'jquery' with type 'application/javascript'
Checked in these paths: 
  /home/osm/.rvm/gems/ruby-2.4.0/gems/babel-source-5.8.35/lib
  /var/www/html/blockchain/etherum_rb/app/assets/config
  /var/www/html/blockchain/etherum_rb/app/assets/images
  /var/www/html/blockchain/etherum_rb/app/assets/javascripts
  /var/www/html/blockchain/etherum_rb/app/assets/stylesheets
  /home/osm/.rvm/gems/ruby-2.4.0/gems/foundation-rails-6.4.1.3/vendor/assets/_vendor
  /home/osm/.rvm/gems/ruby-2.4.0/gems/foundation-rails-6.4.1.3/vendor/assets/js
  /home/osm/.rvm/gems/ruby-2.4.0/gems/foundation-rails-6.4.1.3/vendor/assets/scss
  /home/osm/.rvm/gems/ruby-2.4.0/gems/coffee-rails-4.2.2/lib/assets/javascripts
  /home/osm/.rvm/gems/ruby-2.4.0/gems/actioncable-5.1.4/lib/assets/compiled
  /home/osm/.rvm/gems/ruby-2.4.0/gems/actionview-5.1.4/lib/assets/compiled
  /home/osm/.rvm/gems/ruby-2.4.0/gems/turbolinks-source-5.0.3/lib/assets/javascripts
  /var/www/html/blockchain/etherum_rb/node_modules):
    14:   <body>
    15:     <%= render"layouts/header"%>
    16:     <%= yield %>
    17:   <%= javascript_include_tag "application"%>
    18:   </body>
    19: </html>
  
app/assets/javascripts/application.js:13
app/views/layouts/application.html.erb:17:in `_app_views_layouts_application_html_erb__177519667040856888_70303850734680'
Started GET "/" for 127.0.0.1 at 2017-12-07 11:21:30 +0530
Processing by PageController#index as HTML
  Rendering page/index.html.erb within layouts/application
  Rendered page/index.html.erb within layouts/application (0.3ms)
  Rendered layouts/_header.html.erb (0.3ms)
Completed 500 Internal Server Error in 34ms


  
ActionView::Template::Error (couldn't find file 'jquery' with type 'application/javascript'
Checked in these paths: 
  /home/osm/.rvm/gems/ruby-2.4.0/gems/babel-source-5.8.35/lib
  /var/www/html/blockchain/etherum_rb/app/assets/config
  /var/www/html/blockchain/etherum_rb/app/assets/images
  /var/www/html/blockchain/etherum_rb/app/assets/javascripts
  /var/www/html/blockchain/etherum_rb/app/assets/stylesheets
  /home/osm/.rvm/gems/ruby-2.4.0/gems/foundation-rails-6.4.1.3/vendor/assets/_vendor
  /home/osm/.rvm/gems/ruby-2.4.0/gems/foundation-rails-6.4.1.3/vendor/assets/js
  /home/osm/.rvm/gems/ruby-2.4.0/gems/foundation-rails-6.4.1.3/vendor/assets/scss
  /home/osm/.rvm/gems/ruby-2.4.0/gems/coffee-rails-4.2.2/lib/assets/javascripts
  /home/osm/.rvm/gems/ruby-2.4.0/gems/actioncable-5.1.4/lib/assets/compiled
  /home/osm/.rvm/gems/ruby-2.4.0/gems/actionview-5.1.4/lib/assets/compiled
  /home/osm/.rvm/gems/ruby-2.4.0/gems/turbolinks-source-5.0.3/lib/assets/javascripts
  /var/www/html/blockchain/etherum_rb/node_modules):
    14:   <body>
    15:     <%= render"layouts/header"%>
    16:     <%= yield %>
    17:   <%= javascript_include_tag "application"%>
    18:   </body>
    19: </html>
  
app/assets/javascripts/application.js:13
app/views/layouts/application.html.erb:17:in `_app_views_layouts_application_html_erb__177519667040856888_70303938275420'
Started GET "/" for 127.0.0.1 at 2017-12-07 11:21:31 +0530
Processing by PageController#index as HTML
  Rendering page/index.html.erb within layouts/application
  Rendered page/index.html.erb within layouts/application (0.3ms)
  Rendered layouts/_header.html.erb (0.3ms)
Completed 500 Internal Server Error in 43ms


  
ActionView::Template::Error (couldn't find file 'jquery' with type 'application/javascript'
Checked in these paths: 
  /home/osm/.rvm/gems/ruby-2.4.0/gems/babel-source-5.8.35/lib
  /var/www/html/blockchain/etherum_rb/app/assets/config
  /var/www/html/blockchain/etherum_rb/app/assets/images
  /var/www/html/blockchain/etherum_rb/app/assets/javascripts
  /var/www/html/blockchain/etherum_rb/app/assets/stylesheets
  /home/osm/.rvm/gems/ruby-2.4.0/gems/foundation-rails-6.4.1.3/vendor/assets/_vendor
  /home/osm/.rvm/gems/ruby-2.4.0/gems/foundation-rails-6.4.1.3/vendor/assets/js
  /home/osm/.rvm/gems/ruby-2.4.0/gems/foundation-rails-6.4.1.3/vendor/assets/scss
  /home/osm/.rvm/gems/ruby-2.4.0/gems/coffee-rails-4.2.2/lib/assets/javascripts
  /home/osm/.rvm/gems/ruby-2.4.0/gems/actioncable-5.1.4/lib/assets/compiled
  /home/osm/.rvm/gems/ruby-2.4.0/gems/actionview-5.1.4/lib/assets/compiled
  /home/osm/.rvm/gems/ruby-2.4.0/gems/turbolinks-source-5.0.3/lib/assets/javascripts
  /var/www/html/blockchain/etherum_rb/node_modules):
    14:   <body>
    15:     <%= render"layouts/header"%>
    16:     <%= yield %>
    17:   <%= javascript_include_tag "application"%>
    18:   </body>
    19: </html>
  
app/assets/javascripts/application.js:13
app/views/layouts/application.html.erb:17:in `_app_views_layouts_application_html_erb__177519667040856888_70303785291800'
Started GET "/" for 127.0.0.1 at 2017-12-07 11:21:31 +0530
Processing by PageController#index as HTML
  Rendering page/index.html.erb within layouts/application
  Rendered page/index.html.erb within layouts/application (0.3ms)
  Rendered layouts/_header.html.erb (0.3ms)
Completed 500 Internal Server Error in 33ms


  
ActionView::Template::Error (couldn't find file 'jquery' with type 'application/javascript'
Checked in these paths: 
  /home/osm/.rvm/gems/ruby-2.4.0/gems/babel-source-5.8.35/lib
  /var/www/html/blockchain/etherum_rb/app/assets/config
  /var/www/html/blockchain/etherum_rb/app/assets/images
  /var/www/html/blockchain/etherum_rb/app/assets/javascripts
  /var/www/html/blockchain/etherum_rb/app/assets/stylesheets
  /home/osm/.rvm/gems/ruby-2.4.0/gems/foundation-rails-6.4.1.3/vendor/assets/_vendor
  /home/osm/.rvm/gems/ruby-2.4.0/gems/foundation-rails-6.4.1.3/vendor/assets/js
  /home/osm/.rvm/gems/ruby-2.4.0/gems/foundation-rails-6.4.1.3/vendor/assets/scss
  /home/osm/.rvm/gems/ruby-2.4.0/gems/coffee-rails-4.2.2/lib/assets/javascripts
  /home/osm/.rvm/gems/ruby-2.4.0/gems/actioncable-5.1.4/lib/assets/compiled
  /home/osm/.rvm/gems/ruby-2.4.0/gems/actionview-5.1.4/lib/assets/compiled
  /home/osm/.rvm/gems/ruby-2.4.0/gems/turbolinks-source-5.0.3/lib/assets/javascripts
  /var/www/html/blockchain/etherum_rb/node_modules):
    14:   <body>
    15:     <%= render"layouts/header"%>
    16:     <%= yield %>
    17:   <%= javascript_include_tag "application"%>
    18:   </body>
    19: </html>
  
app/assets/javascripts/application.js:13
app/views/layouts/application.html.erb:17:in `_app_views_layouts_application_html_erb__177519667040856888_70303936730220'
Started GET "/" for 127.0.0.1 at 2017-12-07 11:21:31 +0530
Processing by PageController#index as HTML
  Rendering page/index.html.erb within layouts/application
  Rendered page/index.html.erb within layouts/application (0.3ms)
  Rendered layouts/_header.html.erb (0.3ms)
Completed 500 Internal Server Error in 75ms


  
ActionView::Template::Error (couldn't find file 'jquery' with type 'application/javascript'
Checked in these paths: 
  /home/osm/.rvm/gems/ruby-2.4.0/gems/babel-source-5.8.35/lib
  /var/www/html/blockchain/etherum_rb/app/assets/config
  /var/www/html/blockchain/etherum_rb/app/assets/images
  /var/www/html/blockchain/etherum_rb/app/assets/javascripts
  /var/www/html/blockchain/etherum_rb/app/assets/stylesheets
  /home/osm/.rvm/gems/ruby-2.4.0/gems/foundation-rails-6.4.1.3/vendor/assets/_vendor
  /home/osm/.rvm/gems/ruby-2.4.0/gems/foundation-rails-6.4.1.3/vendor/assets/js
  /home/osm/.rvm/gems/ruby-2.4.0/gems/foundation-rails-6.4.1.3/vendor/assets/scss
  /home/osm/.rvm/gems/ruby-2.4.0/gems/coffee-rails-4.2.2/lib/assets/javascripts
  /home/osm/.rvm/gems/ruby-2.4.0/gems/actioncable-5.1.4/lib/assets/compiled
  /home/osm/.rvm/gems/ruby-2.4.0/gems/actionview-5.1.4/lib/assets/compiled
  /home/osm/.rvm/gems/ruby-2.4.0/gems/turbolinks-source-5.0.3/lib/assets/javascripts
  /var/www/html/blockchain/etherum_rb/node_modules):
    14:   <body>
    15:     <%= render"layouts/header"%>
    16:     <%= yield %>
    17:   <%= javascript_include_tag "application"%>
    18:   </body>
    19: </html>
  
app/assets/javascripts/application.js:13
app/views/layouts/application.html.erb:17:in `_app_views_layouts_application_html_erb__177519667040856888_70303940951620'
Started GET "/" for 127.0.0.1 at 2017-12-07 11:22:10 +0530
Processing by PageController#index as HTML
  Rendering page/index.html.erb within layouts/application
  Rendered page/index.html.erb within layouts/application (0.7ms)
  Rendered layouts/_header.html.erb (0.3ms)
Completed 200 OK in 6535ms (Views: 6390.0ms)


Started GET "/" for 127.0.0.1 at 2017-12-07 11:22:27 +0530
Processing by PageController#index as HTML
  Rendering page/index.html.erb within layouts/application
  Rendered page/index.html.erb within layouts/application (0.4ms)
  Rendered layouts/_header.html.erb (0.4ms)
Completed 200 OK in 133ms (Views: 131.7ms)


Started GET "/" for 127.0.0.1 at 2017-12-07 11:22:28 +0530
Processing by PageController#index as HTML
  Rendering page/index.html.erb within layouts/application
  Rendered page/index.html.erb within layouts/application (0.4ms)
  Rendered layouts/_header.html.erb (0.4ms)
Completed 200 OK in 121ms (Views: 119.6ms)


Started GET "/" for 127.0.0.1 at 2017-12-07 11:22:29 +0530
Processing by PageController#index as HTML
  Rendering page/index.html.erb within layouts/application
  Rendered page/index.html.erb within layouts/application (0.5ms)
  Rendered layouts/_header.html.erb (0.4ms)
Completed 200 OK in 219ms (Views: 217.9ms)


Started GET "/" for 127.0.0.1 at 2017-12-07 11:23:27 +0530
Processing by PageController#index as HTML
  Rendering page/index.html.erb within layouts/application
  Rendered page/index.html.erb within layouts/application (0.6ms)
  Rendered layouts/_header.html.erb (0.3ms)
Completed 200 OK in 579ms (Views: 397.8ms)


Started GET "/" for 127.0.0.1 at 2017-12-07 11:23:28 +0530
Processing by PageController#index as HTML
  Rendering page/index.html.erb within layouts/application
  Rendered page/index.html.erb within layouts/application (0.4ms)
  Rendered layouts/_header.html.erb (1.3ms)
Completed 200 OK in 109ms (Views: 108.4ms)


Started GET "/" for 127.0.0.1 at 2017-12-07 11:25:07 +0530
Processing by PageController#index as HTML
  Rendering page/index.html.erb within layouts/application
  Rendered page/index.html.erb within layouts/application (0.7ms)
Completed 500 Internal Server Error in 2394ms


  
ActionView::Template::Error (Undefined mixin 'foundation-xy-grid-classes'.):
     6: 
     7:     <title><%= content_for?(:title) ? yield(:title) : "Untitled" %></title>
     8: 
     9:     <%= stylesheet_link_tag    "application" %>
    10:     
    11:     <%= csrf_meta_tags %>
    12:   </head>
  
app/assets/stylesheets/foundation_and_overrides.scss:13:in `foundation-xy-grid-classes'
app/assets/stylesheets/foundation_and_overrides.scss:13
app/views/layouts/application.html.erb:9:in `_app_views_layouts_application_html_erb__519778560592329092_70249528517240'
Started GET "/" for 127.0.0.1 at 2017-12-07 11:25:41 +0530
Processing by PageController#index as HTML
  Rendering page/index.html.erb within layouts/application
  Rendered page/index.html.erb within layouts/application (0.7ms)
Started GET "/" for 127.0.0.1 at 2017-12-07 11:25:41 +0530
Processing by PageController#index as HTML
  Rendering page/index.html.erb within layouts/application
  Rendered page/index.html.erb within layouts/application (0.3ms)
Completed 200 OK in 36133ms (Views: 36016.8ms)


Completed 200 OK in 35845ms (Views: 35843.9ms)


Started GET "/" for 127.0.0.1 at 2017-12-07 11:55:44 +0530
Processing by PageController#index as HTML
  Rendering page/index.html.erb within layouts/application
  Rendered page/index.html.erb within layouts/application (0.3ms)
  Rendered layouts/_header.html.erb (0.5ms)
Completed 200 OK in 339ms (Views: 318.1ms)


Started GET "/" for 127.0.0.1 at 2017-12-07 11:59:58 +0530
Processing by PageController#index as HTML
  Rendering page/index.html.erb within layouts/application
  Rendered page/index.html.erb within layouts/application (0.4ms)
  Rendered layouts/_header.html.erb (0.4ms)
Completed 200 OK in 169ms (Views: 167.9ms)


Started GET "/" for 127.0.0.1 at 2017-12-07 11:59:59 +0530
Processing by PageController#index as HTML
  Rendering page/index.html.erb within layouts/application
  Rendered page/index.html.erb within layouts/application (0.3ms)
  Rendered layouts/_header.html.erb (0.3ms)
Completed 200 OK in 83ms (Views: 82.0ms)


Started GET "/" for 127.0.0.1 at 2017-12-07 12:00:00 +0530
Processing by PageController#index as HTML
  Rendering page/index.html.erb within layouts/application
  Rendered page/index.html.erb within layouts/application (0.3ms)
  Rendered layouts/_header.html.erb (0.3ms)
Completed 200 OK in 207ms (Views: 206.6ms)


Started GET "/" for 127.0.0.1 at 2017-12-07 12:01:36 +0530
Processing by PageController#index as HTML
  Rendering page/index.html.erb within layouts/application
  Rendered page/index.html.erb within layouts/application (0.7ms)
  Rendered layouts/_header.html.erb (0.3ms)
Completed 200 OK in 91ms (Views: 90.1ms)


Started GET "/" for 127.0.0.1 at 2017-12-07 12:02:52 +0530
Processing by PageController#index as HTML
  Rendering page/index.html.erb within layouts/application
  Rendered page/index.html.erb within layouts/application (0.3ms)
  Rendered layouts/_header.html.erb (0.3ms)
Completed 200 OK in 94ms (Views: 90.9ms)


Started GET "/" for 127.0.0.1 at 2017-12-07 12:04:11 +0530
Processing by PageController#index as HTML
  Rendering page/index.html.erb within layouts/application
  Rendered page/index.html.erb within layouts/application (0.5ms)
  Rendered layouts/_header.html.erb (0.6ms)
Completed 200 OK in 109ms (Views: 107.9ms)


Started GET "/" for 127.0.0.1 at 2017-12-07 12:04:28 +0530
Processing by PageController#index as HTML
  Rendering page/index.html.erb within layouts/application
  Rendered page/index.html.erb within layouts/application (0.6ms)
  Rendered layouts/_header.html.erb (0.3ms)
Completed 200 OK in 78ms (Views: 76.9ms)


Started GET "/" for 127.0.0.1 at 2017-12-07 12:04:38 +0530
Processing by PageController#index as HTML
  Rendering page/index.html.erb within layouts/application
  Rendered page/index.html.erb within layouts/application (0.5ms)
  Rendered layouts/_header.html.erb (0.3ms)
Completed 200 OK in 108ms (Views: 107.4ms)


Started GET "/" for 127.0.0.1 at 2017-12-07 12:05:17 +0530
Processing by PageController#index as HTML
  Rendering page/index.html.erb within layouts/application
  Rendered page/index.html.erb within layouts/application (0.5ms)
  Rendered layouts/_header.html.erb (0.4ms)
Completed 200 OK in 95ms (Views: 91.4ms)


Started GET "/" for 127.0.0.1 at 2017-12-07 12:06:22 +0530
Processing by PageController#index as HTML
  Rendering page/index.html.erb within layouts/application
  Rendered page/index.html.erb within layouts/application (3.7ms)
  Rendered layouts/_header.html.erb (0.3ms)
Completed 200 OK in 102ms (Views: 98.2ms)


Started GET "/" for 127.0.0.1 at 2017-12-07 12:06:35 +0530
Processing by PageController#index as HTML
  Rendering page/index.html.erb within layouts/application
  Rendered page/index.html.erb within layouts/application (0.9ms)
  Rendered layouts/_header.html.erb (0.4ms)
Completed 200 OK in 98ms (Views: 96.5ms)


